
Jun 29, 2023 05:37:05.156 NEW SESSION
Jun 29, 2023 05:37:05.276 [5664:12016:0629/053703.041:ERROR:device_event_log_impl.cc(222)] [05:37:03.042] USB: usb_device_handle_win.cc:1046 Failed to read descriptor from node connection: A device attached to the system is not functioning. (0x1F)
Jun 29, 2023 05:40:45.705 [5664:12016:0629/054045.705:ERROR:extension_registrar.cc(533)] Failed to unregister service worker for extension efaidnbmnnnibpcajpcglclefindmkaj
Jun 29, 2023 05:41:01.977 INFO: Created TensorFlow Lite XNNPACK delegate for CPU.

Jul 03, 2023 12:36:11.733 NEW SESSION
Jul 03, 2023 12:36:11.733 [10068:9344:0703/123611.726:ERROR:network_service_instance_impl.cc(541)] Network service crashed, restarting service.
Jul 03, 2023 12:36:24.554 [10068:9344:0703/123624.554:ERROR:device_event_log_impl.cc(222)] [12:36:24.557] USB: usb_device_handle_win.cc:1046 Failed to read descriptor from node connection: A device attached to the system is not functioning. (0x1F)
Jul 03, 2023 12:36:39.866 INFO: Created TensorFlow Lite XNNPACK delegate for CPU.
Jul 03, 2023 12:45:33.997 [10068:10672:0703/124533.997:ERROR:connection_factory_impl.cc(472)] ConnectionHandler failed with net error: -2
Jul 03, 2023 13:19:46.114 [10068:10672:0703/131946.114:ERROR:connection_factory_impl.cc(472)] ConnectionHandler failed with net error: -2
Jul 03, 2023 13:20:32.804 [12700:7124:0703/132032.804:ERROR:device_event_log_impl.cc(222)] [13:20:32.804] USB: usb_device_handle_win.cc:1046 Failed to read descriptor from node connection: A device attached to the system is not functioning. (0x1F)

Jul 04, 2023 11:48:59.832 NEW SESSION
Jul 04, 2023 11:48:59.832 INFO: Created TensorFlow Lite XNNPACK delegate for CPU.
Jul 04, 2023 11:56:11.224 [14676:1684:0704/115611.224:ERROR:device_event_log_impl.cc(222)] [11:56:11.223] USB: usb_service_win.cc:104 SetupDiGetDeviceProperty({{A45C254E-DF1C-4EFD-8020-67D146A850E0}, 6}) failed: Element not found. (0x490)
Jul 04, 2023 13:22:28.170 [14676:1684:0704/132228.170:ERROR:device_event_log_impl.cc(222)] [13:22:28.170] USB: usb_service_win.cc:104 SetupDiGetDeviceProperty({{A45C254E-DF1C-4EFD-8020-67D146A850E0}, 6}) failed: Element not found. (0x490)
Jul 04, 2023 14:05:07.998 [14676:12800:0704/140507.997:ERROR:connection_factory_impl.cc(472)] ConnectionHandler failed with net error: -2
Jul 04, 2023 14:26:30.598 [14676:1684:0704/142630.596:ERROR:interface_endpoint_client.cc(695)] Message 1 rejected by interface blink.mojom.WidgetHost
Jul 04, 2023 14:32:23.431 [14676:15672:0704/143223.429:ERROR:leveldb_factory.cc(88)] Failed to open LevelDB database from C:\Users\tmc\AppData\Local\Google\Chrome\User Data\Default\IndexedDB\https_mail.google.com_0.indexeddb.leveldb,Corruption: missing start of fragmented record(2)
Jul 04, 2023 14:32:23.432 [14676:15672:0704/143223.429:ERROR:indexed_db_factory.cc(704)] Got corruption for { origin: https://mail.google.com, top-level site: https://google.com, nonce: <null>, ancestor chain bit: Same-Site }, missing start of fragmented record
Jul 04, 2023 14:32:23.542 [14676:15672:0704/143223.542:ERROR:indexed_db_factory.cc(842)] IndexedDB recovering from a corrupted (and deleted) database.
Jul 04, 2023 15:58:13.952 [14676:12800:0704/155813.952:ERROR:connection_factory_impl.cc(472)] ConnectionHandler failed with net error: -2
Jul 04, 2023 16:42:28.960 [14676:12800:0704/164228.959:ERROR:connection_factory_impl.cc(429)] Failed to connect to MCS endpoint with error -106
